===================================== 
BaryshevaT
Смешная фамилия) В среду опоздание на 4 минуты; Фотографическая память, но к сожалению только на лица^^. Ничего не записывает. Записывает все, что я говорю... Сидит в одноклассниках.. поставил мне класс! Иногда опаздывает, иногда приходит раньше. Знаний никаких. 
===================================== 
BoriskinaI
Подлизывается, это можно использовать! Записывает все, что я говорю... Делает вид, что все понимает. Ничего не записывает. Сидит в одноклассниках.. поставил мне класс! Шуршит! Шуршит! 
===================================== 
BodukovYR
Иногда опаздывает, иногда приходит раньше. 17 сентября опоздание на 5 минут; Не здоровается. Спит на лекциях! 
===================================== 
BolotnikovOC
Характер не нордический. 
===================================== 
BodukovAL
Знаний больше, чем на 2, но меньше, чем на 3!? Делает вид, что все понимает. Мой бакалавр... мда... Сидит в одноклассниках.. поставил мне класс! 
===================================== 
BlinovMJ
Знаний никаких. Тихий голос. Выше 3 не поставлю! 17 сентября опоздание на 5 минут; Делает сэлфи на каждой лекции. Все время сидит в телефоне. Тихий голос. Сидит в одноклассниках.. поставил мне класс! Клонит в сон от его храпа. Делает сэлфи на каждой лекции. 
===================================== 
BolotnikovWO
Записывает все, что я говорю... Клонит в сон от его храпа. Болеет за Спартак... Записывает все, что я говорю... Знаний больше, чем на 2, но меньше, чем на 3!? 17 сентября опоздание на 5 минут; 
===================================== 
BolotnikovWC
Очень хорошо списывает! 
===================================== 
BekhterevaRQ
Очень хорошо списывает! Боится меня( Болеет за Спартак... Знаний больше, чем на 2, но меньше, чем на 3!? Знаний больше, чем на 2, но меньше, чем на 3!? Выше 3 не поставлю! Характер не нордический. Болеет за Спартак... Болеет за Спартак... Студент вялый... 
===================================== 
BekhterevaQV
Подлизывается, это можно использовать! Болеет за Спартак... Фотографическая память, но к сожалению только на лица^^. Ничего не записывает. Записывает все, что я говорю... Знаний больше, чем на 2, но меньше, чем на 3!? Делает сэлфи на каждой лекции. На тройку знает, молодец! 
===================================== 
BlinovNI
Иногда опаздывает, иногда приходит раньше. Характер не нордический. Шуршит! 
===================================== 
BlinovJZ
Подлизывается, это можно использовать! Тихий голос. Спит на лекциях! Левша. Все время сидит в телефоне. На тройку знает, молодец! Характер не нордический. 
===================================== 
BacklazhanUC
Очень хорошо списывает! Тихий голос. 
===================================== 
BoltonogovZP
Подлизывается, это можно использовать! Подлизывается, это можно использовать! В среду опоздание на 4 минуты; Болеет за Спартак... Постоянно выходит разговаривать с тещей! Спит на лекциях! Тихий голос. Левша. Фотографическая память, но к сожалению только на лица^^. 
===================================== 
BoltzmanEN
Студент вялый... Делает сэлфи на каждой лекции. 
===================================== 
BolshovGB
Характер не нордический. Клонит в сон от его храпа. Знаний никаких. Знаний никаких. На тройку знает, молодец! В среду опоздание на 4 минуты; 
===================================== 
BondarevUI
Знаний никаких. Характер не нордический. 
===================================== 
BohlenDR
Постоянно выходит разговаривать с тещей! 17 сентября опоздание на 5 минут; Подлизывается, это можно использовать! 
===================================== 
BondarevLL
Характер не нордический. 
===================================== 
BondarevUV
Болеет за Спартак... Студент вялый... 
===================================== 
BingerinHQ
Смешная фамилия) Все время сидит в телефоне. Болеет за Спартак... В среду опоздание на 4 минуты; Мой бакалавр... мда... Мой бакалавр... мда... Мой бакалавр... мда... 
===================================== 
BolotnikovTZ
Клонит в сон от его храпа. Постоянно выходит разговаривать с тещей! Знаний никаких. В среду опоздание на 4 минуты; Ничего не записывает. Все время сидит в телефоне. Характер не нордический. Спит на лекциях! Делает вид, что все понимает. Не здоровается. 
===================================== 
BordiugAO
Все время сидит в телефоне. На тройку знает, молодец!  Мой бакалавр... мда... Болеет за Спартак... играет не за Спартак, Левша. Постоянно выходит разговаривать с тещей! Характер не нордический.
===================================== 
BoguslavskyAY
Постоянно выходит разговаривать с тещей! Заплевал потолок. Несмешно смеется. 
===================================== 
BogodukhovYD
Хорошо делает вид, что что-то понимает. 17 сентября опоздание на 5 минут; Выше 3 не поставлю! Путает head и tail. А возможно еще и веган. Во что-то играет на втором мониторе.
===================================== 
BosakovskyDV
Очень хорошо списывает! Знаний больше, чем на 2, но меньше, чем на 3!? Отключает звук на лекциях. Вообще не понимает, что происходит. Практикует скорочтение лекций. Клонит в сон от его храпа. Ничего не записывает. Сидит в одноклассниках.. поставил мне двойку! 
===================================== 
BersenevaAV
Подлизывается, это можно использовать! Делает вид, что все понимает. На тройку знает, молодец! Записывает голосовые в чат. Вообще не понимает, что происходит. Левша. Слабая подача. Делает вид, что все понимает. 
===================================== 
BaruzdinMM
Не дает списывать. Все время сидит в телефоне. Не может выйти из vim. Спит на лекциях! Несколько раз заваривант один пакетик. Утверждает, что звонок не для учителя. Печатает КАПСОМ.
===================================== 
BondarenkoND
Сказал Linux без GNU. Мой бакалавр... мда... Гиперактивный... Рейтинг на lichess выше, чем у меня.  Знаний никаких. Вообще не понимает, что происходит. Гипоактивный... Шуршит в микрофон! Не поздравил с днем учителя.
===================================== 
BalkarovAA
На тройку знает, молодец! Болеет за Спартак... Хорошо делает вид, что что-то понимает. Знаний никаких. Не может выйти из vim. Анимэшник. Постоянно выходит разговаривать с тещей! Заплевал потолок. 
===================================== 
BurovAnA
Высокий голос. Высокий рост. Знаний никаких. Смешная фамилия) Подлизывается, это можно использовать! Не знает, как правильно написать гоуалды. Спит на лекциях, просыпается в перерывах. 
===================================== 
BaranovichSK
Минус балл на экзамене. Вообще не понимает, что происходит. Веган! 4 сентября пошутила про 3 сентября. Смешные носки. Сказала Linux без GNU. Записывает голосовые в чат. 
