===================================== 
ChelomtsevLQ
Не здоровается. 
===================================== 
ChervyakovCO
Делает вид, что все понимает. Все время сидит в телефоне. Студент вялый... 
===================================== 
ChelomtsevKY
Характер не нордический. Записывает все, что я говорю... На тройку знает, молодец! Спит на лекциях! Знаний никаких. Знаний больше, чем на 2, но меньше, чем на 3!? 
===================================== 
ChemerisGB
Не здоровается. Не здоровается. Выше 3 не поставлю! Подлизывается, это можно использовать! Подлизывается, это можно использовать! Знаний никаких. 
===================================== 
ChervyakovVH
Все время сидит в телефоне. Постоянно выходит разговаривать с тещей! Подлизывается, это можно использовать! Знаний больше, чем на 2, но меньше, чем на 3!? Шуршит! Студент вялый... Очень хорошо списывает! Делает вид, что все понимает. Спит на лекциях! Студент вялый... 
===================================== 
ChervyakovAA
Постоянно выходит разговаривать с тещей! Шуршит! Ничего не записывает. 
===================================== 
ChemerisAF
Шуршит! Фотографическая память, но к сожалению только на лица^^. Клонит в сон от его храпа. Выше 3 не поставлю! Записывает все, что я говорю... Сидит в одноклассниках.. поставил мне класс! Все время сидит в телефоне. 
===================================== 
CherenchikovJH
Выше 3 не поставлю! 
===================================== 
ChepurinIP
Все время сидит в телефоне. 
===================================== 
ChertokND
17 сентября опоздание на 5 минут; Не здоровается. Клонит в сон от его храпа. 17 сентября опоздание на 5 минут; Фотографическая память, но к сожалению только на лица^^. Боится меня( Шуршит! Больше не боится меня( Стримил Ведьмака прямо на лекции. Записывает все, что я говорю... 
===================================== 
ChincharovPC
Постоянно выходит разговаривать по телефону! Пропустил лекцию про Ajax. Ничего не записывает. Вэйпит на лекциях! Не здоровается. Сидит в одноклассниках, поставил мне двойку.
===================================== 
ChakolyadenisE
Сидит в одноклассниках.. поставил мне класс! Вообще не понимает, что происходит. Утверждает, что звонок не для учителя.  Мой бакалавр... мда... Во время лекций во что-то играет на втором мониторе.
===================================== 
CherkashinaAM
В среду опоздание на 4 минуты; сидит на задних рядах. Постит в чат стикеры. Необоснованно использует cat. Все время сидит в телефоне. Низкий голос. Но высокий рост. Не поздравила с днем учителя. Говорит Питон вместо Пайтон. Не включает камеру на созвонах.
