===================================== 
DrugovaJH
Выше 3 не поставлю! Характер не нордический. Знаний больше, чем на 2, но меньше, чем на 3!? Студент вялый... 
===================================== 
DryaginaVC
Характер не нордический. Мой бакалавр... мда... 
===================================== 
DryaginaMK
Знаний никаких. Боится меня( Сидит в одноклассниках.. поставил мне класс! Подлизывается, это можно использовать! Смешная фамилия) Записывает все, что я говорю... Студент вялый... 
===================================== 
DubovNO
Болеет за Спартак... В среду опоздание на 4 минуты; Не здоровается. В среду опоздание на 4 минуты; 
===================================== 
DvoynovaAV
Делает сэлфи на каждой лекции. Иногда опаздывает, иногда приходит раньше. 17 сентября опоздание на 5 минут; Ничего не записывает, но хорошо стреляет. 
===================================== 
DriakhlovIS
Клонит в сон от его храпа. Записывает все, что я говорю... В среду опоздание на 4 минуты; Студент вялый... Не здоровается. Мой бакалавр... мда... 
===================================== 
DubovetsGV
Спит на лекциях! Мой бакалавр... мда... С лекций не отключается. Ждет, когда организатор ее для всех завершит. Гипоактивный... Клонит в сон от его храпа. Спит на лекциях, просыпается в перерывах.
