===================================== 
PashkovskyA
Клонит в сон от его храпа. Ничего не записывает. Делает сэлфи на каждой лекции. Подлизывается, это можно использовать! Клонит в сон от его храпа. Спит на лекциях! 
===================================== 
PanovD
Делает сэлфи на каждой лекции. Левша. Тихий голос. Знаний никаких. Клонит в сон от его храпа. Знаний никаких. Подлизывается, это можно использовать! 
===================================== 
PodshivalovaBZ
В среду опоздание на 4 минуты; Сидит в одноклассниках.. поставил мне класс! Шуршит! Болеет за Спартак... Не здоровается. Шуршит! Фотографическая память, но к сожалению только на лица^^. Боится меня( Записывает все, что я говорю... Ничего не записывает. 
===================================== 
PolichevGL
Очень хорошо списывает! Болеет за Спартак... Характер не нордический. 
===================================== 
PetrovaPY
Делает вид, что все понимает. Левша. 
===================================== 
PoBB
Все время сидит в телефоне. В среду опоздание на 4 минуты; Характер не нордический. В среду опоздание на 4 минуты; Боится меня( 
===================================== 
PolachevRY
Записывает все, что я говорю... Боится меня( Студент вялый... 
===================================== 
PokrovskyYJ
Фотографическая память, но к сожалению только на лица^^. 
===================================== 
PogrebnovWM
Левша. 
===================================== 
PetrovaMY
Знаний больше, чем на 2, но меньше, чем на 3!? Клонит в сон от его храпа. Записывает все, что я говорю... Характер не нордический. 
===================================== 
PolivanovIE
Студент вялый... В среду опоздание на 4 минуты; Записывает все, что я говорю... 17 сентября опоздание на 5 минут; Характер не нордический. Выше 3 не поставлю! Иногда опаздывает, иногда приходит раньше. Мой бакалавр... мда... Студент вялый... Боится меня( 
===================================== 
PodshivalovaBH
Знаний никаких. 
===================================== 
PodaCC
Выше 3 не поставлю! Смешная фамилия) 
===================================== 
PodaKS
Не здоровается. Подлизывается, это можно использовать! Записывает все, что я говорю... На тройку знает, молодец! Знаний никаких. Иногда опаздывает, иногда приходит раньше. Болеет за Спартак... 
===================================== 
PodshivalovaOR
Мой бакалавр... мда... 
===================================== 
PogrebnovZQ
Делает вид, что все понимает. Болеет за Спартак... Спит на лекциях! Знаний больше, чем на 2, но меньше, чем на 3!? 
===================================== 
PoDD
На тройку знает, молодец! Очень хорошо списывает! Иногда опаздывает, иногда приходит раньше. Выше 3 не поставлю! Характер не нордический. Смешная фамилия) Иногда опаздывает, иногда приходит раньше. Постоянно выходит разговаривать с тещей! 
===================================== 
PozharskyGA
Знаний никаких. Иногда опаздывает, иногда приходит раньше. Фотографическая память, но к сожалению только на лица^^. Иногда опаздывает, иногда приходит раньше. Спит на лекциях! Очень хорошо списывает! Спит на лекциях! На тройку знает, молодец! Спит на лекциях! Делает сэлфи на каждой лекции. 
===================================== 
PetrovaOQ
Делает сэлфи на каждой лекции. Сидит в одноклассниках.. поставил мне класс! Смешная фамилия) Подлизывается, это можно использовать! 
===================================== 
PoUT
Записывает все, что я говорю... В среду опоздание на 4 минуты; Постоянно выходит разговаривать с тещей! Смешная фамилия) Не здоровается. Знаний больше, чем на 2, но меньше, чем на 3!? 
===================================== 
PoTM
Выше 3 не поставлю! Тихий голос. Смешная фамилия) Боится меня( Делает сэлфи на каждой лекции. 
===================================== 
PolachevCC
Ничего не записывает. Выше 3 не поставлю! Ничего не записывает. Спит на лекциях! Клонит в сон от его храпа. 17 сентября опоздание на 5 минут; Иногда опаздывает, иногда приходит раньше. Студент вялый... 17 сентября опоздание на 5 минут; 
===================================== 
PrusovAS
Левша. Студент вялый... Спит на лекциях! 
===================================== 
PakhomovVS
Сидит в одноклассниках.. поставил мне класс! Студент вялый... подтормаживает.  Делает сэлфи на каждой лекции. Немного прогает! Вэйпит на лекции! Выше 3 не поставлю! 
===================================== 
PlatonovMaxV
На тройку знает, молодец! Очень хорошо списывает! 3 сентября пошутил про 3 сентября. Боится меня( Все время сидит в журнале. 
===================================== 
PetrovAnDm
Постоянно пьет кофе. Знаний больше, чем на 2, но меньше, чем на 3!? Спит на лекциях, просыпается в перерывах. Приходит раньше меня. Постит в чат баяны и стикеры. Знаний никаких.
===================================== 
PozdeevDA
Сказал Linux без GNU. Делает сэлфи на каждой лекции. Вообще не понимает, что происходит. Клонит в сон от его храпа. Странные фотографии в инстаграмме. Не поздравил с днем учителя.
===================================== 
PenzinaYA
Низкий голос. Но высокий рост. Знаний больше, чем на 2, но меньше, чем на 3! Не может выйти из vim. Странные фотографии в инстаграмме.
