===================================== 
VasyutinskyU
В среду опоздание на 4 минуты; В среду опоздание на 4 минуты; Левша. 
===================================== 
VoronovA
Боится меня( Смешная фамилия) Не здоровается. Очень хорошо списывает! 17 сентября опоздание на 5 минут; Не здоровается. Мой бакалавр... мда... Делает сэлфи на каждой лекции. 
===================================== 
VitayevJV
Делает вид, что все понимает. Боится меня( 
===================================== 
VitayevJY
Сидит в одноклассниках.. поставил мне класс! Ничего не записывает. Сидит в одноклассниках.. поставил мне класс! Спит на лекциях! Спит на лекциях! 
===================================== 
VitayevEB
Иногда опаздывает, иногда приходит раньше. Болеет за Спартак... Записывает все, что я говорю... Иногда опаздывает, иногда приходит раньше. Сидит в одноклассниках.. поставил мне класс! Записывает все, что я говорю... 
===================================== 
VinogradovLG
Студент вялый... 
===================================== 
VorobyevMikI
Клонит в сон от его храпа. Болеет за Спартак... Характер не нордический. Боится меня( Записывает все, что я говорю... Делает вид, что все понимает. Сидит в одноклассниках.. поставил мне класс! Постоянно выходит разговаривать с тещей! Очень хорошо списывает! Читает учебник.   
===================================== 
VasilyevaYM
Влоггер. Ведет стримы с моих лекций. Ок. Записывает и зарисовывает все, что я говорю... Левша. Боится меня( 
===================================== 
VlasovaOM
Знаний никаких. Вообще не понимает, что происходит. Не опаздывает. Знаний больше, чем на 2, но меньше, чем на 3!? Не подтвердила подписку в инстаграмме. Смешная фамилия) 3 сентября пошутила про 3 сентября. 
===================================== 
VasiukovKR
Левша. Очень хорошо списывает! Знаний никаких. Гиперактивный... Вообще не понимает, что происходит. Путает head, tail и cat. Записывает голосовые в чат.
===================================== 
VerbovaVY
Знаний больше, чем на 2, но меньше, чем на 3!? Тихий голос. Что-то бормочет. Говорит Питон вместо Пайтон. Не читала Дюну. 4 сентября пошутила про 3 сентября.
===================================== 
VlasovaYI
Что-то бормочет. Иногда опаздывает, иногда приходит раньше. Ничего не записывает. Не дает списывать. Спит на лекциях. Называет С++ крестами. Любит порнофильмы.
