===================================== 
YemelyanovD
Тихий голос. Не здоровается. Смешная фамилия) Боится меня( Клонит в сон от его храпа. Смешная фамилия) Студент вялый... Не здоровается. Боится меня( 
===================================== 
YeleshevVC
Фотографическая память, но к сожалению только на лица^^. Левша. 
===================================== 
YeliseyevvWT
Шуршит! Смешная фамилия) Клонит в сон от его храпа. Смешная фамилия) 
===================================== 
YelizarovUT
Подлизывается, это можно использовать! Знаний никаких. Смешная фамилия) Болеет за Спартак... 
===================================== 
YermakovAlS
В среду опоздание на 4 минуты; На тройку знает, молодец! Спит на лекциях! Пытался разобрать компьюьтер в аудитории Е-409! 17 сентября опоздание на 5 минут; Ничего не записывает. Не здоровается. 
===================================== 
YegiazarianYV
Левша. Клонит в сон от его храпа. Выше 3 не поставлю! Делает сэлфи на каждой лекции. Все время сидит в телефоне. Студент вялый... В среду опоздание на 4 минуты; Знаний больше, чем на 2, но меньше, чем на 3!? Что-то видит на потолке...
===================================== 
YeremeevArD
Клонит в сон от его храпа. Вообще не понимает, что происходит. Тихий голос. Заплевал потолок. Плохое качество видеосвязи. Минус балл на экзамене. Выше 3 не поставлю!
===================================== 
YasnyKS
Сидит в одноклассниках.. поставил мне двойку! Клонит в сон от его храпа. Не поздравил с днем учителя. Минус балл на экзамене. Заплевал потолок. Делает вид, что все понимает. 
===================================== 
YeremeevArD
Гипоактивный... Спит на лекциях, просыпается в перерывах. Утверждает, что звонок не для учителя. Анимэшник! Все время сидит в телефоне. Сидит в одноклассниках, поставил мне двойку. Постит в чат баяны. Не дружит с кодировками. Говорит Питон вместо Пайтон.
