===================================== 
RunovDR
Иногда опаздывает, иногда приходит раньше. Делает вид, что все понимает. Делает вид, что все понимает. 17 сентября опоздание на 5 минут; Подлизывается, это можно использовать! Иногда опаздывает, иногда приходит раньше. Клонит в сон от его храпа. 
===================================== 
RumyantsevGR
Болеет за Спартак... На тройку знает, молодец! Спит на лекциях! Делает сэлфи на каждой лекции. Болеет за Спартак... Фотографическая память, но к сожалению только на лица^^. 
===================================== 
RumyantsevWO
Не здоровается. Постоянно выходит разговаривать с тещей! Тихий голос. Характер не нордический. Студент вялый... Иногда опаздывает, иногда приходит раньше. Подлизывается, это можно использовать! Шуршит! 
===================================== 
RumyantsevXI
Характер не нордический. Делает сэлфи на каждой лекции. Делает сэлфи на каждой лекции. Ничего не записывает. Боится меня( Записывает все, что я говорю... Знаний никаких. Смешная фамилия) Болеет за Спартак... Все время сидит в телефоне. 
===================================== 
RumyantsevTJ
Подлизывается, это можно использовать! Ничего не записывает. Болеет за Спартак... Спит на лекциях! Записывает все, что я говорю... 
===================================== 
RumyantsevMY
На тройку знает, молодец! Спит на лекциях! В среду опоздание на 4 минуты; Смешная фамилия) Знаний никаких. Записывает все, что я говорю... Подлизывается, это можно использовать! 17 сентября опоздание на 5 минут; 
===================================== 
RudakovKR
Ничего не записывает. Не здоровается. 
===================================== 
RybkinPV
Ничего не записывает. Высокий голос. Большие руки. Вэйпит на лекции! Дымит в камеру. Знаний никаких. Клонит в сон от его храпа. Не отключает микрофон. В среду опоздание на 4 минуты; Веган. Напоминает об этом на каждой лекции.
===================================== 
RudenkoAM
3 сентября пошутила про 3 сентября. Студент вялый... Путает head и tail.  В среду опоздание на 4 минуты; 4 сентября пошутила про 3 сентября. Знаний никаких. Странные фотографии в инстаграмме. Не читала Дюну.
===================================== 
RiabovaYA
Не поздравила с днем учителя. Ничего не записывает. Хорошо делает вид, что что-то понимает. Тихий голос. Вообще не понимает, что происходит. Не смотрела Дюну. Знаний больше, чем на 2, но меньше, чем на 3!? 
===================================== 
RybtsovaAV
Гипоактивная...Приходит раньше меня. Постит в чат баяны. Не дает списывать. Путает head и tail. Студент вялый...
===================================== 
RiabovDV
Постит в чат стикеры. Высокий голос. Высокий рост. Спит на лекциях! Не прощается после онлайн занятия. Называет С++ крестами. Наспойлерил про Теорию Большого Взрыва.
