===================================== 
SmugalovI
Подлизывается, это можно использовать! Ничего не записывает. Студент вялый... Постоянно выходит разговаривать с тещей! 
===================================== 
Surovtsev-ButovA
Тихий голос. Сидит в одноклассниках.. поставил мне класс! Не здоровается. Делает сэлфи на каждой лекции. 
===================================== 
SeLou
Болеет за Спартак... 17 сентября опоздание на 5 минут; Ничего не записывает. Спит на лекциях! Болеет за Спартак... Болеет за Спартак... 
===================================== 
SivoronovS
Студент вялый... Не здоровается. Не здоровается. Не здоровается. В среду опоздание на 4 минуты; 
===================================== 
SychevD
Клонит в сон от его храпа. Смешная фамилия) Очень хорошо списывает! Ничего не записывает. Делает сэлфи на каждой лекции. Шуршит! Все время сидит в телефоне. Все время сидит в телефоне. Постоянно выходит разговаривать с тещей! 
===================================== 
ScvorcovaS
Смешная фамилия) Тихий голос. Делает вид, что все понимает. Болеет за Спартак... Делает сэлфи на каждой лекции. 
===================================== 
SivkovN
Клонит в сон от его храпа. Боится меня( Тихий голос. Выше 3 не поставлю! Постоянно выходит разговаривать с тещей! Сидит в одноклассниках.. поставил мне класс! Знаний больше, чем на 2, но меньше, чем на 3!? Студент вялый... Сидит в одноклассниках.. поставил мне класс! 
===================================== 
ShipovTB
Знаний больше, чем на 2, но меньше, чем на 3!? 
===================================== 
SmaginaHA
Выше 3 не поставлю! 17 сентября опоздание на 5 минут; Левша. Делает сэлфи на каждой лекции. Не здоровается. Выше 3 не поставлю! В среду опоздание на 4 минуты; Ничего не записывает. Подлизывается, это можно использовать! 
===================================== 
SlobozhaninGC
Болеет за Спартак... Мой бакалавр... мда... Иногда опаздывает, иногда приходит раньше. 
===================================== 
SelidovOR
Тихий голос. На тройку знает, молодец! Ничего не записывает. Боится меня( Клонит в сон от его храпа. В среду опоздание на 4 минуты; Иногда опаздывает, иногда приходит раньше. Делает вид, что все понимает. Делает вид, что все понимает. 
===================================== 
ShipovUU
Делает сэлфи на каждой лекции. 
===================================== 
SlavskayaWT
Не здоровается. 
===================================== 
SemichayevskyFF
Очень хорошо списывает! Знаний больше, чем на 2, но меньше, чем на 3!? Делает вид, что все понимает. Ничего не записывает. 
===================================== 
SedovZM
Шуршит! 
===================================== 
ShlagbaumAC
Смешная фамилия) Записывает все, что я говорю... На тройку знает, молодец! 
===================================== 
SelidovFX
Постоянно выходит разговаривать с тещей! Постоянно выходит разговаривать с тещей! На тройку знает, молодец! Мой бакалавр... мда... Фотографическая память, но к сожалению только на лица^^. Записывает все, что я говорю... 
===================================== 
SelidovGI
Болеет за Спартак... Мой бакалавр... мда... Подлизывается, это можно использовать! Записывает все, что я говорю... Записывает все, что я говорю... 
===================================== 
SemyaninFN
Выше 3 не поставлю! 17 сентября опоздание на 5 минут; Знаний никаких. 
===================================== 
SkorkinaAI
Очень хорошо списывает! Знаний больше, чем на 2, но меньше, чем на 3!? Играет на фортепиано или пианино, но это не точно... Боится меня(  Шуршит! 
===================================== 
SukachevaDP
Знаний никаких. Смешная фамилия) Постоянно выходит разговаривать с тещей! На тройку знает, молодец! Записывает все, что я говорю... Не здоровается. Знаний больше, чем на 2, но меньше, чем на 3!? Боится меня( 
===================================== 
SemenovaAD
Делает вид, что все понимает. Выше 3 не поставлю! Все время сидит в телефоне. Путается в кодировках. Студент вялый... Делает бумажные самолетики и фигурки из моих лекций. 
===================================== 
SobolevaAI
Знаний больше, чем на 2, но меньше, чем на 3!? Гиперактивная... Не здоровется. Не досыпает сыра в пиццу. Делает сэлфи и видео на каждой лекции. Говорит, что звонок не для учителя! 
===================================== 
ShubinKA
Тихий голос. Громкий храп. Спит на лекциях, просыпается в перерывах. Мой бакалавр... Больше 3 не поставлю. Не опаздывает.
===================================== 
StudenikinYV
На тройку знает, молодец! Шуршит в микрофон! Знаний никаких. Ничего не записывает. Списывает! Болеет за Спартак... Не дает списывать другим. Вэйпит и дымит в камеру на лекции! 
===================================== 
SaidulloyevLN
ПЕЧАТАЕТ КАПСОМ. Не здоровается. На тройку знает, молодец! Гипоактивный... Постоянно пьет кофе. Болеет за Спартак... Боится меня( Вэйпит на лекции! 
===================================== 
ShebyrevaVD
Не поздравила с днем учителя. Гиперактивная... Не может выйти из vim. Сидит в одноклассниках, поставила мне двойку. 17 сентября опоздание на 5 минут; Странные фотографии в инстаграмме.
===================================== 
StrizhkovaPV
Выше 3 не поставлю! Не здоровается. Вообще не понимает, что происходит. Сказала Linux без GNU. Спит на лекциях! Очень хорошо списывает! Не прощается после онлайн занятия. Говорит, что по Linux нет игр.
===================================== 
SuminYR
4 сентября пошутил про 3 сентября. Постоянно выходит разговаривать с тещей! Странные фотографии в инстаграмме. Говорит, что под Linux нет игр. Тихий голос. Говорит Ява вместо Джава.
===================================== 
ShvetsGV
Постит в чат баяны. Низкий голос. Но высокий рост. Говорит, что под Linux нет игр. Постит в чат стикеры. Не поздравил с днем учителя. Постоянно пьет кофе.
===================================== 
SeliukovKY
Вэйпер! Анимэшник. ПЕЧАТАЕТ КАПСОМ. Хорошо делает вид, что что-то понимает. Все время сидит в телефоне. Вообще не понимает, что происходит. Странные фотографии в инстаграмме.
===================================== 
StepanishchMR
Что-то бормочет. Сидит в одноклассниках, поставила мне двойку. Постит в чат баяны. Не здоровается. Выше 3 не поставлю! Засыпает и просыпается по команде.
===================================== 
ShvedovYI
Знаний никаких. Анимэшник. Иногда опаздывает, иногда приходит раньше. Все время сидит в телефоне. Делает вид, что все понимает. Говорит, что под Linux нет игр. Спойлерит.
===================================== 
ShliakhtaAA
Не здоровается. Делает сэлфи на каждой лекции. Вообще не понимает, что происходит. Приходит раньше меня. На тройку знает, молодец! Любит рыбалку и путешествие короля прерий.
