===================================== 
GlobaWM
Студент вялый... Фотографическая память, но к сожалению только на лица^^. Студент вялый... 17 сентября опоздание на 5 минут; Знаний никаких. 
===================================== 
GololobovKL
Спит на лекциях! 
===================================== 
GlukhovJX
Болеет за Спартак... Тихий голос. Смешная фамилия) 17 сентября опоздание на 5 минут; 
===================================== 
GololobovVW
Подлизывается, это можно использовать! Смешная фамилия) Иногда опаздывает, иногда приходит раньше. В среду опоздание на 4 минуты; Характер не нордический. Делает вид, что все понимает. 
===================================== 
GololobovQE
Болеет за Спартак... Сидит в одноклассниках.. поставил мне класс! Характер не нордический. Очень хорошо списывает! Ничего не записывает. Записывает все, что я говорю... Фотографическая память, но к сожалению только на лица^^. Шуршит! Боится меня( Смешная фамилия) 
===================================== 
GlukhovUU
Сидит в одноклассниках.. поставил мне класс! Характер не нордический. Болеет за Спартак... Левша. В среду опоздание на 4 минуты; Мой бакалавр... мда... 17 сентября опоздание на 5 минут; Знаний никаких. Характер не нордический. Сидит в одноклассниках.. поставил мне класс! 
===================================== 
GorbunovASt
Знаний никаких. Постоянно выходит разговаривать с тещей! Иногда опаздывает, иногда приходит раньше. Хорошо фотографирует лекции, передал мне обработанные изображения. На тройку знает, молодец!  
===================================== 
GorbunovGL
Болеет за Спартак... В среду опоздание на 4 минуты; 
===================================== 
GerasimovIlV
На тройку знает, молодец! Спит на лекциях! Тихий голос. Гипоактивный... Руки в мозолях. Не здоровается. Делает вид, что все понимает. 
===================================== 
GribanovAnV
Все время сидит в телефоне. Знаний никаких. Странный акцент. Хорошо делает вид, что что-то понимает. Смешная фамилия) 
===================================== 
GrigorenkoMO
Знаний никаких. Ни одного опоздания... Не ходит на пары. Шуршит! Веган и сыроед. А возможно еще и хипстер. 
===================================== 
GromovMN
Гипоактивный...Утверждает, что звонок не для учителя.  Спит на лекциях, просыпается в перерывах. Веган. Напоминает об этом на каждой лекции. Путает head и tail.  Ничего не записывает. Вообще не понимает, что происходит. Имел -1 балл на практике.
===================================== 
GorinIA
Иногда опаздывает, иногда приходит раньше. Говорит Питон вместо Пайтон. В среду опоздание на 4 минуты; Постоянно выходит разговаривать с тещей! Мой бакалавр... мда... Шуршит в микрофон! Не поздравил с днем учителя. Все время в наушниках.
===================================== 
GasanovFV
Не поздравил с днем учителя. Постит в чат стикеры. Говорит Питон вместо Пайтон. ПЕЧАТАЕТ КАПСОМ. Сидит в одноклассниках, поставил мне двойку. Ест на лекциях! Странные фотографии в инстаграмме. 
===================================== 
GuliayevaYulA
Левша. Знаний больше, чем на 2, но меньше, чем на 3!? Странные фотографии в инстаграмме. Боится меня( Постит в чат баяны. Жмёт больше меня. Не может выйти из vim. 
===================================== 
GriaznovArA
3 сентября пошутил про 3 сентября. Сказал Linux без GNU. Постит в чат баяны. Не может выйти из vim. Спит на лекциях, просыпается в перерывах. Гипоактивный. Не поздравил с днем учителя. Говорит, что под Linux нет игр.
===================================== 
GudzII
Минус балл на экзамене. Вэйпер! Гиперактивный... 17 сентября опоздание на 5 минут; Высокий голос. Высокий рост. Мой бакалавр... мда... Сидит в одноклассниках.. поставил мне класс! Анимэшник.
