===================================== 
KozlovskyE
Все время сидит в телефоне. Боится меня( Боится меня( Студент вялый... Подлизывается, это можно использовать! Знаний никаких. 
===================================== 
KrasotkinUI
Записывает все, что я говорю... Постоянно выходит разговаривать с тещей! Выше 3 не поставлю! Сидит в одноклассниках.. поставил мне класс! Все время сидит в телефоне. Очень хорошо списывает! Спит на лекциях! Не здоровается. Не здоровается. 
===================================== 
KatinEU
17 сентября опоздание на 5 минут; Студент вялый... Иногда опаздывает, иногда приходит раньше. Тихий голос. Делает сэлфи на каждой лекции. На тройку знает, молодец! Тихий голос. Все время сидит в телефоне. Клонит в сон от его храпа. 
===================================== 
KrasotkinEI
Записывает все, что я говорю... Фотографическая память, но к сожалению только на лица^^. Болеет за Спартак... Не здоровается. Студент вялый... Выше 3 не поставлю! Подлизывается, это можно использовать! Сидит в одноклассниках.. поставил мне класс! Подлизывается, это можно использовать! 
===================================== 
KashkanovTJ
Ничего не записывает. Характер не нордический. Фотографическая память, но к сожалению только на лица^^. Подлизывается, это можно использовать! Не здоровается. Подлизывается, это можно использовать! Постоянно выходит разговаривать с тещей! Шуршит! Шуршит! 
===================================== 
KropaninQN
Выше 3 не поставлю! Левша. Делает вид, что все понимает. Очень хорошо списывает! Знаний никаких. Знаний никаких. Иногда опаздывает, иногда приходит раньше. 
===================================== 
KashkanovDX
Спит на лекциях! Не здоровается. Иногда опаздывает, иногда приходит раньше. Тихий голос. Шуршит! Делает сэлфи на каждой лекции. Студент вялый... Сидит в одноклассниках.. поставил мне класс! Постоянно выходит разговаривать с тещей! 
===================================== 
KropaninRF
Записывает все, что я говорю... Левша. Постоянно выходит разговаривать с тещей! 
===================================== 
KashkanovPI
17 сентября опоздание на 5 минут; На тройку знает, молодец! Сидит в одноклассниках.. поставил мне класс! Смешная фамилия) Не здоровается. Смешная фамилия) Мой бакалавр... мда... 
===================================== 
KasharinUZ
Сидит в одноклассниках.. поставил мне класс! Клонит в сон от его храпа. На тройку знает, молодец! Фотографическая память, но к сожалению только на лица^^. Студент вялый... Студент вялый... Постоянно выходит разговаривать с тещей! Записывает все, что я говорю... Смешная фамилия) Левша. 
===================================== 
KuznecovFB
Студент вялый... Ничего не записывает. 
===================================== 
KrivkovRQ
Очень хорошо списывает! 
===================================== 
KachusovYF
В среду опоздание на 4 минуты; 17 сентября опоздание на 5 минут; Записывает все, что я говорю... Болеет за Спартак... Тихий голос. Знаний никаких. Записывает все, что я говорю... Шуршит! На тройку знает, молодец! Шуршит! 
===================================== 
KrivkovVJ
Мой бакалавр... мда... Студент вялый... 
===================================== 
KriоutchkovLO
В среду опоздание на 4 минуты; Знаний никаких. Очень хорошо списывает! Мой бакалавр... мда... Боится меня( 
===================================== 
KropaninZU
Шуршит! Знаний никаких. Постоянно выходит разговаривать с тещей! Смешная фамилия) Клонит в сон от его храпа. Знаний никаких. Очень хорошо списывает! Спит на лекциях! 
===================================== 
KachusovUJ
Боится меня( Записывает все, что я говорю... Фотографическая память, но к сожалению только на лица^^. На тройку знает, молодец! Делает сэлфи на каждой лекции. Левша. Записывает все, что я говорю... 
===================================== 
KrupichPR
Выше 3 не поставлю! Шуршит! Клонит в сон от его храпа. Студент вялый... Подлизывается, это можно использовать! Знаний больше, чем на 2, но меньше, чем на 3!? Делает сэлфи на каждой лекции. Студент вялый... Постоянно выходит разговаривать с тещей! Не здоровается. 
===================================== 
KulbiakinAS
Знаний больше, чем на 2, но меньше, чем на 3!? 
===================================== 
KrupetskovAV
Шуршит! Выше 3 не поставлю! Левша. Рейтинг на lichess выше, чем у меня( В среду опоздание на 4 минуты; Мой бакалавр... мда... 
===================================== 
KorolevIlV
Шуршит! Тихий голос. Характер не нордический.  Смешная фамилия) Знаний больше, чем на 2, но меньше, чем на 3!? Сидит в одноклассниках.. поставил мне класс на видео с концерта Сатриани! Выше 3 не поставлю! Спит на лекциях! 
===================================== 
KharitonovKY
Подлизывается, это можно использовать! Вялый... 
===================================== 
KharlamovPO
Знаний больше, чем на 2, но меньше, чем на 3!? Болеет за Спартак... В среду опоздание на 4 минуты, это наилучший результат за семестр! Носит с собой скакалку... 
===================================== 
KurginianEA
Клонит в сон от его храпа. Шуршит. Очень плохо списывает.
===================================== 
KovytevDG
Тихий голос. Записывает все, что я говорю... Ничего не записывает. На тройку знает, молодец! Записывает все, что я говорю... Вообще не понимает, что происходит. 
===================================== 
KorenevNI
Тихий голос. Мой бакалавр... мда... 
===================================== 
KruglovaDA
Делает вид, что все понимает. Постоянно выходит разговаривать с тещей! Студент вялый... Болеет за Спартак... Записывает все, что я говорю... Записывает все, что я говорю... Боится меня( 
===================================== 
KliuchanskyAA
Гипоактивный...  Болеет за Спартак... Знаний никаких. Ничего не записывает. Внимательно слушает. Какие-то затычки или беруши в ушах. Не реагирует на звонок.  
===================================== 
KhakhulinaVA
Вообще не понимает, что происходит. Странные фотографии в инстаграмме. Спит на лекциях. Не дает списывать.
===================================== 
KardanevAA
Что-то бормочет в микрофон. А возможно еще и хипстер. Гипоактивный... Студент вялый... Ничего не записывает. Погладил моего кота! Шлет смайлики в общий чат. Странные фотографии в инстаграмме. 
===================================== 
KlimenkoAVal
Веган! Высокий голос. Низкий рост. Следит за весом. А возможно еще и веган. Тихий микрофон. В среду опоздание на 4 минуты; Минус балл на экзамене.
===================================== 
KostinaMarA
Веган! Тихий голос. Знаний никаких. Выше 3 не поставлю! Подключается на лекции с пляжа! Левша. Еще и сыроед. Шуршит в микрофон! Не здоровается. Делает сэлфи на каждой лекции. 
===================================== 
KuzhaniazovAO
Высокий голос. Высокий рост. Гипоактивный... Спит на лекциях, просыпается в перерывах. Не отключает микрофон! Выше 3 не поставлю! Ничего не записывает. Делает вид, что все понимает. 
===================================== 
KukinVA
Все время сидит в телефоне. Не слышал его голос. Знаний больше, чем на 2, но меньше, чем на 3!? Но 2 лучше не ставить... Иногда опаздывает, иногда приходит раньше. Веган! Спит на лекциях! Что-то бормочет в микрофон. Смешная фамилия) Но об этом лучше не говорить...
===================================== 
KasatkinKA
Не дает списывать. Ничего не записывает. Боится меня( Низкий голос. Но высокий рост. Студент вялый... Шуршит в микрофон! Спит на лекциях, просыпается в перерывах. Слабая подача.
===================================== 
KipinSV
Ничего не записывает. Постоянно пьет кофе. Тихий голос. Заплевал потолок. Очень хорошо списывает! Левша. Путает head и tail. На тройку знает, молодец!
===================================== 
KhodeevYI
Минус балл на экзамене. 3 сентября пошутил про 3 сентября. Шуршит в микрофон! Вообще не понимает, что происходит. Тихий голос. Говорит Питон вместо Пайтон.
===================================== 
KrasovitskyMI
Путает head и tail.  Утверждает, что звонок не для учителя.  Гипоактивный... Грокает на лекциях! Мой бакалавр... мда... Вообще не понимает, что происходит. Минус балл на экзамене. 
===================================== 
KhaskovaUA
Не может выйти из vim. Высокий голос. Высокий рост. Постит в чат баяны. Все время сидит в телефоне. Что-то бормочет. Не поздравила с днем учителя. Спит на лекциях. Говорит Ява вместо Джава. 
