===================================== 
MelnikovD
Тихий голос. Подлизывается, это можно использовать! Очень хорошо списывает! Смешная фамилия) Сидит в одноклассниках.. поставил мне класс! Характер не нордический. Левша. 
===================================== 
MalyshevCO
Шуршит! 17 сентября опоздание на 5 минут; Ничего не записывает. В среду опоздание на 4 минуты; Левша. Фотографическая память, но к сожалению только на лица^^. Записывает все, что я говорю... 
===================================== 
MalininSX
Знаний больше, чем на 2, но меньше, чем на 3!? На тройку знает, молодец! Знаний больше, чем на 2, но меньше, чем на 3!? Постоянно выходит разговаривать с тещей! Знаний никаких. Сидит в одноклассниках.. поставил мне класс! Выше 3 не поставлю! 17 сентября опоздание на 5 минут; Все время сидит в телефоне. Ничего не записывает. 
===================================== 
MalikovLT
Знаний больше, чем на 2, но меньше, чем на 3!? Болеет за Спартак... Делает вид, что все понимает. Студент вялый... Постоянно выходит разговаривать с тещей! 
===================================== 
MatricaGO
Фотографическая память, но к сожалению только на лица^^. Фотографическая память, но к сожалению только на лица^^. Выше 3 не поставлю! Клонит в сон от его храпа. Болеет за Спартак... Боится меня( Знаний никаких. Подлизывается, это можно использовать! 
===================================== 
MaranzmanHU
Характер не нордический. Боится меня( Смешная фамилия) Боится меня( 
===================================== 
MalyshevPL
17 сентября опоздание на 5 минут; Спит на лекциях! Иногда опаздывает, иногда приходит раньше. Фотографическая память, но к сожалению только на лица^^. Ничего не записывает. Очень хорошо списывает! Болеет за Спартак... 
===================================== 
MatricaBX
Делает вид, что все понимает. Болеет за Спартак... Смешная фамилия) Постоянно выходит разговаривать с тещей! Характер не нордический. Студент вялый... 
===================================== 
MalikovML
Боится меня( В среду опоздание на 4 минуты; В среду опоздание на 4 минуты; Постоянно выходит разговаривать с тещей! Сидит в одноклассниках.. поставил мне класс! Клонит в сон от его храпа. Тихий голос. 
===================================== 
MaranzmanZW
Все время сидит в телефоне. Сидит в одноклассниках.. поставил мне класс! Ничего не записывает. Делает сэлфи на каждой лекции. Боится меня( 
===================================== 
MatricaRP
Очень хорошо списывает! Фотографическая память, но к сожалению только на лица^^. Все время сидит в телефоне. Знаний больше, чем на 2, но меньше, чем на 3!? Подлизывается, это можно использовать! Болеет за Спартак... 
===================================== 
MalakhovaFR
Знаний больше, чем на 2, но меньше, чем на 3!? Делает сэлфи на каждой лекции. Студент вялый... Тихий голос. 
===================================== 
MalikovCD
Болеет за Спартак... Боится меня( Клонит в сон от его храпа. Ничего не записывает. Сидит в одноклассниках.. поставил мне класс! Записывает все, что я говорю... Фотографическая память, но к сожалению только на лица^^. Делает сэлфи на каждой лекции. 
===================================== 
MatricaVC
Очень хорошо списывает! 17 сентября опоздание на 5 минут; Все время сидит в телефоне. Тихий голос. 
===================================== 
MartyniukBG
Характер не нордический. Знаний больше, чем на 2, но меньше, чем на 3!? Иногда опаздывает, иногда приходит раньше. Интересно, что у него в гитарном чехле... 
===================================== 
MosinaAnA
17 сентября опоздание на 5 минут; Очень хорошо списывает! Тихий голос. Левша. Делает сэлфи на каждой лекции. 
===================================== 
MatveevDY
Боится меня( Гиперактивный... Знаний никаких. Студент вялый... Болеет за Спартак... Не дает списывать. Не здоровается. 
===================================== 
MarchukON
Знаний никаких. Иногда опаздывает, иногда приходит раньше.  3 сентября пошутил про 3 сентября.  Выше 3 не поставлю! Путает more и less.  
===================================== 
MakhalovaOS
Гиперактивная... Спамит в общий чат. Записывает все, что я говорю... Клонит в сон от ее храпа. Не отключает и хрипит в микрофон. Делает сэлфи на каждой лекции. Низкий голос. Но высокий рост. Выше 3 не поставлю! Странные фотографии в инстаграмме. 
===================================== 
MatveevaVerA
Болеет за Спартак... Говорит Питон вместо Пайтон! Вообще не понимает, что происходит. Боится меня( Говорит, что под Linux нет игр.
===================================== 
MakarovDanA
На тройку знает, молодец! Выше 3 не поставлю! Иногда опаздывает, иногда приходит раньше. Очень хорошо списывает! Гиперактивный... Постоянно делает сэлфи и вэлфи. Сидит в одноклассниках, поставил мне двойку.
