===================================== 
UsachyovMR
Студент вялый... Характер не нордический. 
===================================== 
UsovBI
Мой бакалавр... мда... Левша. Спит на лекциях! Характер не нордический. Делает вид, что все понимает. 
===================================== 
UsachyovZV
Знаний больше, чем на 2, но меньше, чем на 3!? Болеет за Спартак... Иногда опаздывает, иногда приходит раньше. 17 сентября опоздание на 5 минут; Подлизывается, это можно использовать! Все время сидит в телефоне. 
===================================== 
UsachyovPP
Характер не нордический. Иногда опаздывает, иногда приходит раньше. Студент вялый... Знаний никаких. Делает сэлфи на каждой лекции. Спит на лекциях! 
===================================== 
UsovEJ
Характер не нордический. Болеет за Спартак... Выше 3 не поставлю! Очень хорошо списывает! Фотографическая память, но к сожалению только на лица^^. Левша. Подлизывается, это можно использовать! Фотографическая память, но к сожалению только на лица^^. Студент вялый... На тройку знает, молодец! 
===================================== 
UsachyovOR
Ничего не записывает. Тихий голос. Мой бакалавр... мда... Боится меня( Знаний никаких. 
===================================== 
UsilovPO
Тихий голос. Спит на лекциях! Знаний больше, чем на 2, но меньше, чем на 3!? В среду опоздание на 4 минуты; Знаний больше, чем на 2, но меньше, чем на 3!? Боится меня( 
===================================== 
UsovXV
Делает вид, что все понимает. Характер не нордический. 
===================================== 
UsatovRG
Левша. Студент вялый... Характер не нордический. Тихий голос. 
===================================== 
UsachyovPW
Студент вялый... Выше 3 не поставлю! В среду опоздание на 4 минуты; Характер не нордический. Делает вид, что все понимает. Сидит в одноклассниках.. поставил мне класс! Болеет за Спартак... Все время сидит в телефоне. Фотографическая память, но к сожалению только на лица^^. 
===================================== 
UstinovichVM
Характер не нордический. Высокий голос. Высокий рост. Не здоровается. Постоянно приходит вовремя.  
===================================== 
UmarovJM
Говорит Питон вместо Пайтон.  Ничего не записывает. Постоянно пьет кофе. Не может выйти из vim. 4 сентября пошутил про 3 сентября. 
