===================================== 
ZdorovovP
Студент вялый... Мой бакалавр... мда... Подлизывается, это можно использовать! Делает сэлфи на каждой лекции. Мой бакалавр... мда... На тройку знает, молодец! 
===================================== 
ZelemitsynaA
Мой бакалавр... мда... 
===================================== 
ZabolotnyDY
Студент вялый... Выше 3 не поставлю! Клонит в сон от его храпа. Очень хорошо списывает! Записывает все, что я говорю... На тройку знает, молодец! Фотографическая память, но к сожалению только на лица^^. Спит на лекциях! Смешная фамилия) 
===================================== 
ZadornovJT
Спит на лекциях! Знаний никаких. Левша. Характер не нордический. Болеет за Спартак... На тройку знает, молодец! Все время сидит в телефоне. Характер не нордический. 
===================================== 
ZadornovBY
Иногда опаздывает, иногда приходит раньше. Ничего не записывает. 
===================================== 
ZuyevaGM
Ничего не записывает. Ничего не записывает. На тройку знает, молодец! Характер не нордический. Характер не нордический. 
===================================== 
ZuyevaJJ
На тройку знает, молодец! Не здоровается. Левша. 17 сентября опоздание на 5 минут; Делает сэлфи на каждой лекции. Знаний никаких. 
===================================== 
ZubarevaEH
Выше 3 не поставлю! Все время сидит в телефоне. Записывает все, что я говорю... Делает вид, что все понимает. Тихий голос. Клонит в сон от его храпа. Выше 3 не поставлю! Делает сэлфи на каждой лекции. 
===================================== 
ZhivykhAA
Вообще не понимает, что происходит. 
===================================== 
ZavalinIS
Записывает все, что я говорю... Вообще не понимает, что происходит. Знаний никаких. Очень хорошо списывает! 
===================================== 
ZadorinSA
Не здоровается. Смешная фамилия) Сидит в одноклассниках.. поставил мне двойку! Левша. Рейтинг на lichess выше, чем у меня! Высокий голос. Высокий рост. 3 сентября пошутил про 3 сентября.
===================================== 
ZagainovaMD
Путает head и tail. Спит на лекциях, просыпается в перерывах. Знаний никаких. Студент вялый... Левша. Не дает списывать. Ничего не записывает. Возможно, что-то зарисовывает. На тройку знает, молодец! 
